2025-06-14 17:39:09 DEBUG App:14 - This is debug : ☕
2025-06-14 17:39:09 INFO  App:17 - This is info : ☕
2025-06-14 17:39:09 WARN  App:19 - This is warn : ☕
2025-06-14 17:39:09 ERROR App:20 - This is error : ☕
2025-06-14 17:39:09 FATAL App:21 - This is fatal : ☕
2025-06-14 17:40:12 DEBUG App:14 - This is debug : ☕
2025-06-14 17:40:12 INFO  App:17 - This is info : ☕
2025-06-14 17:40:12 WARN  App:19 - This is warn : ☕
2025-06-14 17:40:12 ERROR App:20 - This is error : ☕
2025-06-14 17:40:12 FATAL App:21 - This is fatal : ☕
2025-06-14 17:41:33 DEBUG App:14 - This is debug : ☕
2025-06-14 17:41:33 INFO  App:17 - This is info : ☕
2025-06-14 17:41:33 WARN  App:19 - This is warn : ☕
2025-06-14 17:41:33 ERROR App:20 - This is error : ☕
2025-06-14 17:41:33 FATAL App:21 - This is fatal : ☕
2025-06-14 17:41:51 DEBUG App:14 - This is debug : ☕
2025-06-14 17:41:51 INFO  App:17 - This is info : ☕
2025-06-14 17:41:51 WARN  App:19 - This is warn : ☕
2025-06-14 17:41:51 ERROR App:20 - This is error : ☕
2025-06-14 17:41:51 FATAL App:21 - This is fatal : ☕
2025-06-14 17:43:03 DEBUG App:14 - This is debug : ☕
2025-06-14 17:43:03 INFO  App:17 - This is info : ☕
2025-06-14 17:43:03 WARN  App:19 - This is warn : ☕
2025-06-14 17:43:03 ERROR App:20 - This is error : ☕
2025-06-14 17:43:03 FATAL App:21 - This is fatal : ☕
2025-06-14 17:45:10 DEBUG App:14 - This is debug : ☕
2025-06-14 17:45:10 INFO  App:17 - This is info : ☕
2025-06-14 17:45:10 WARN  App:19 - This is warn : ☕
2025-06-14 17:45:10 ERROR App:20 - This is error : ☕
2025-06-14 17:45:10 FATAL App:21 - This is fatal : ☕
